<?xml version="1.0" encoding="UTF-8"?>
<!-- Generated by org.testng.reporters.JUnitXMLReporter -->
<testsuite hostname="del1-lhp-n65226" ignored="0" name="Default test" tests="3" failures="0" timestamp="13 Aug 2019 15:19:40 GMT" time="11.376" errors="0">
  <testcase name="reading_values" time="2.203" classname="TestRunnerPkg.TestNGrunner2"/>
  <testcase name="verify_book_name" time="0.033" classname="TestRunnerPkg.TestNGrunner2"/>
  <testcase name="verify_book_price" time="0.03" classname="TestRunnerPkg.TestNGrunner2"/>
</testsuite> <!-- Default test -->
